<?xml version="1.0" encoding="UTF-8"?>
<!-- Generated by org.testng.reporters.JUnitXMLReporter -->
<testsuite hostname="XATLCAMP04967" name="Default test" tests="2" failures="0" timestamp="26 Jan 2017 20:19:16 GMT" time="25.484" errors="0">
  <testcase name="deltaFlightSearch" time="24.969" classname="com.selenium.datadriven.Datadriven_Framework_MVN.FlightSearchTest"/>
  <testcase name="deltaFlightSearch" time="0.002" classname="com.selenium.datadriven.Datadriven_Framework_MVN.FlightSearchTest">
    <skipped/>
  </testcase> <!-- deltaFlightSearch -->
</testsuite> <!-- Default test -->
