<?xml version="1.0" encoding="UTF-8"?>
<testng-results skipped="1" failed="0" total="2" passed="1">
  <reporter-output>
  </reporter-output>
  <suite name="Default suite" duration-ms="25484" started-at="2017-01-26T20:18:51Z" finished-at="2017-01-26T20:19:16Z">
    <groups>
    </groups>
    <test name="Default test" duration-ms="25484" started-at="2017-01-26T20:18:51Z" finished-at="2017-01-26T20:19:16Z">
      <class name="com.selenium.datadriven.Datadriven_Framework_MVN.FlightSearchTest">
        <test-method status="PASS" signature="before()[pri:0, instance:com.selenium.datadriven.Datadriven_Framework_MVN.FlightSearchTest@28eaa59a]" name="before" is-config="true" duration-ms="157" started-at="2017-01-26T15:18:51Z" finished-at="2017-01-26T15:18:51Z">
          <reporter-output>
          </reporter-output>
        </test-method> <!-- before -->
        <test-method status="PASS" signature="deltaFlightSearch(java.lang.String, java.lang.String, java.lang.String, java.lang.String)[pri:0, instance:com.selenium.datadriven.Datadriven_Framework_MVN.FlightSearchTest@28eaa59a]" name="deltaFlightSearch" duration-ms="24969" started-at="2017-01-26T15:18:51Z" data-provider="getData" finished-at="2017-01-26T15:19:16Z">
          <params>
            <param index="0">
              <value>
                <![CDATA[Y]]>
              </value>
            </param>
            <param index="1">
              <value>
                <![CDATA[FlightSearch_Return]]>
              </value>
            </param>
            <param index="2">
              <value>
                <![CDATA[prod]]>
              </value>
            </param>
            <param index="3">
              <value>
                <![CDATA[Mozilla]]>
              </value>
            </param>
          </params>
          <reporter-output>
          </reporter-output>
        </test-method> <!-- deltaFlightSearch -->
        <test-method status="PASS" signature="after()[pri:0, instance:com.selenium.datadriven.Datadriven_Framework_MVN.FlightSearchTest@28eaa59a]" name="after" is-config="true" duration-ms="274" started-at="2017-01-26T15:19:16Z" finished-at="2017-01-26T15:19:16Z">
          <reporter-output>
          </reporter-output>
        </test-method> <!-- after -->
        <test-method status="PASS" signature="before()[pri:0, instance:com.selenium.datadriven.Datadriven_Framework_MVN.FlightSearchTest@28eaa59a]" name="before" is-config="true" duration-ms="0" started-at="2017-01-26T15:19:16Z" finished-at="2017-01-26T15:19:16Z">
          <reporter-output>
          </reporter-output>
        </test-method> <!-- before -->
        <test-method status="SKIP" signature="deltaFlightSearch(java.lang.String, java.lang.String, java.lang.String, java.lang.String)[pri:0, instance:com.selenium.datadriven.Datadriven_Framework_MVN.FlightSearchTest@28eaa59a]" name="deltaFlightSearch" duration-ms="2" started-at="2017-01-26T15:19:16Z" data-provider="getData" finished-at="2017-01-26T15:19:16Z">
          <params>
            <param index="0">
              <value>
                <![CDATA[N]]>
              </value>
            </param>
            <param index="1">
              <value>
                <![CDATA[FlightSearch_One way]]>
              </value>
            </param>
            <param index="2">
              <value>
                <![CDATA[st]]>
              </value>
            </param>
            <param index="3">
              <value>
                <![CDATA[Mozilla]]>
              </value>
            </param>
          </params>
          <exception class="org.testng.SkipException">
            <message>
              <![CDATA[Skipping the test with has No runmode]]>
            </message>
            <full-stacktrace>
              <![CDATA[org.testng.SkipException: Skipping the test with has No runmode
	at com.selenium.datadriven.Datadriven_Framework_MVN.FlightSearchTest.deltaFlightSearch(FlightSearchTest.java:51)
	at sun.reflect.NativeMethodAccessorImpl.invoke0(Native Method)
	at sun.reflect.NativeMethodAccessorImpl.invoke(Unknown Source)
	at sun.reflect.DelegatingMethodAccessorImpl.invoke(Unknown Source)
	at java.lang.reflect.Method.invoke(Unknown Source)
	at org.testng.internal.MethodInvocationHelper.invokeMethod(MethodInvocationHelper.java:85)
	at org.testng.internal.Invoker.invokeMethod(Invoker.java:639)
	at org.testng.internal.Invoker.invokeTestMethod(Invoker.java:821)
	at org.testng.internal.Invoker.invokeTestMethods(Invoker.java:1131)
	at org.testng.internal.TestMethodWorker.invokeTestMethods(TestMethodWorker.java:124)
	at org.testng.internal.TestMethodWorker.run(TestMethodWorker.java:108)
	at org.testng.TestRunner.privateRun(TestRunner.java:773)
	at org.testng.TestRunner.run(TestRunner.java:623)
	at org.testng.SuiteRunner.runTest(SuiteRunner.java:357)
	at org.testng.SuiteRunner.runSequentially(SuiteRunner.java:352)
	at org.testng.SuiteRunner.privateRun(SuiteRunner.java:310)
	at org.testng.SuiteRunner.run(SuiteRunner.java:259)
	at org.testng.SuiteRunnerWorker.runSuite(SuiteRunnerWorker.java:52)
	at org.testng.SuiteRunnerWorker.run(SuiteRunnerWorker.java:86)
	at org.testng.TestNG.runSuitesSequentially(TestNG.java:1185)
	at org.testng.TestNG.runSuitesLocally(TestNG.java:1110)
	at org.testng.TestNG.run(TestNG.java:1018)
	at org.testng.remote.AbstractRemoteTestNG.run(AbstractRemoteTestNG.java:132)
	at org.testng.remote.RemoteTestNG.initAndRun(RemoteTestNG.java:236)
	at org.testng.remote.RemoteTestNG.main(RemoteTestNG.java:81)
]]>
            </full-stacktrace>
          </exception> <!-- org.testng.SkipException -->
          <reporter-output>
          </reporter-output>
        </test-method> <!-- deltaFlightSearch -->
        <test-method status="PASS" signature="after()[pri:0, instance:com.selenium.datadriven.Datadriven_Framework_MVN.FlightSearchTest@28eaa59a]" name="after" is-config="true" duration-ms="50" started-at="2017-01-26T15:19:16Z" finished-at="2017-01-26T15:19:16Z">
          <reporter-output>
          </reporter-output>
        </test-method> <!-- after -->
      </class> <!-- com.selenium.datadriven.Datadriven_Framework_MVN.FlightSearchTest -->
    </test> <!-- Default test -->
  </suite> <!-- Default suite -->
</testng-results>
